Calling target program-options parser
[08:58:38.831] [bmv2] [D] [thread 157] Set default default entry for table 'MyIngress.ipv4_lpm': MyIngress.drop - 
[08:58:38.831] [bmv2] [D] [thread 157] Set default default entry for table 'MyIngress.modbus_sec': MyIngress.no_cipher - 
[08:58:38.832] [bmv2] [D] [thread 157] Set default default entry for table 'tbl_industrial_aes362': industrial_aes362 - 
Adding interface eth0 as port 1
[08:58:38.834] [bmv2] [D] [thread 157] Adding interface eth0 as port 1
Adding interface eth1 as port 2
[08:58:39.045] [bmv2] [D] [thread 157] Adding interface eth1 as port 2
[08:58:39.080] [bmv2] [I] [thread 157] Starting Thrift server on port 9090
[08:58:39.081] [bmv2] [I] [thread 157] Thrift server was started
[08:58:40.209] [bmv2] [T] [thread 186] bm_get_config
[08:58:40.340] [bmv2] [T] [thread 189] bm_get_config
[08:58:40.344] [bmv2] [T] [thread 189] bm_set_default_action
[08:58:40.344] [bmv2] [D] [thread 189] Set default entry for table 'MyIngress.ipv4_lpm': MyIngress.drop - 
[08:58:40.345] [bmv2] [T] [thread 189] bm_set_default_action
[08:58:40.345] [bmv2] [D] [thread 189] Set default entry for table 'MyIngress.ipv4_lpm': MyIngress.drop - 
[08:58:40.346] [bmv2] [T] [thread 189] bm_table_add_entry
[08:58:40.346] [bmv2] [D] [thread 189] Entry 0 added to table 'MyIngress.ipv4_lpm'
[08:58:40.346] [bmv2] [D] [thread 189] Dumping entry 0
Match key:
* hdr.ipv4.dstAddr    : LPM       c8010107/32
Action entry: MyIngress.ipv4_forward - 3,2,

[08:58:40.347] [bmv2] [T] [thread 189] bm_table_add_entry
[08:58:40.347] [bmv2] [D] [thread 189] Entry 1 added to table 'MyIngress.ipv4_lpm'
[08:58:40.347] [bmv2] [D] [thread 189] Dumping entry 1
Match key:
* hdr.ipv4.dstAddr    : LPM       c8010108/32
Action entry: MyIngress.ipv4_forward - 3,2,

[08:58:40.348] [bmv2] [T] [thread 189] bm_table_add_entry
[08:58:40.348] [bmv2] [D] [thread 189] Entry 2 added to table 'MyIngress.ipv4_lpm'
[08:58:40.348] [bmv2] [D] [thread 189] Dumping entry 2
Match key:
* hdr.ipv4.dstAddr    : LPM       c8010109/32
Action entry: MyIngress.ipv4_forward - 3,2,

[08:58:40.349] [bmv2] [T] [thread 189] bm_table_add_entry
[08:58:40.349] [bmv2] [E] [thread 189] Error when trying to add entry to table 'MyIngress.ipv4_lpm': DUPLICATE_ENTRY
[08:58:40.352] [bmv2] [T] [thread 189] bm_table_add_entry
[08:58:40.352] [bmv2] [D] [thread 189] Entry 3 added to table 'MyIngress.ipv4_lpm'
[08:58:40.352] [bmv2] [D] [thread 189] Dumping entry 3
Match key:
* hdr.ipv4.dstAddr    : LPM       c30b0e05/32
Action entry: MyIngress.ipv4_forward - a000101,1,

[08:58:40.353] [bmv2] [T] [thread 189] bm_table_add_entry
[08:58:40.353] [bmv2] [D] [thread 189] Entry 4 added to table 'MyIngress.ipv4_lpm'
[08:58:40.353] [bmv2] [D] [thread 189] Dumping entry 4
Match key:
* hdr.ipv4.dstAddr    : LPM       c30b0e06/32
Action entry: MyIngress.ipv4_forward - a000201,1,

[08:58:40.354] [bmv2] [T] [thread 189] bm_table_add_entry
[08:58:40.354] [bmv2] [D] [thread 189] Entry 5 added to table 'MyIngress.ipv4_lpm'
[08:58:40.354] [bmv2] [D] [thread 189] Dumping entry 5
Match key:
* hdr.ipv4.dstAddr    : LPM       c30b0e07/32
Action entry: MyIngress.ipv4_forward - a000201,1,

[08:58:40.356] [bmv2] [T] [thread 189] bm_table_add_entry
[08:58:40.356] [bmv2] [E] [thread 189] Error when trying to add entry to table 'MyIngress.ipv4_lpm': DUPLICATE_ENTRY
[08:58:40.356] [bmv2] [T] [thread 189] bm_register_write
[08:58:40.357] [bmv2] [T] [thread 189] bm_register_write
[08:58:40.357] [bmv2] [T] [thread 189] bm_register_write
[08:58:40.358] [bmv2] [T] [thread 189] bm_register_write
[08:58:40.358] [bmv2] [T] [thread 189] bm_register_write
[08:58:40.359] [bmv2] [T] [thread 189] bm_register_write
[08:58:40.359] [bmv2] [T] [thread 189] bm_register_write
[08:58:40.359] [bmv2] [T] [thread 189] bm_register_write
[08:58:40.360] [bmv2] [T] [thread 189] bm_register_write
[08:58:40.360] [bmv2] [T] [thread 189] bm_table_add_entry
[08:58:40.361] [bmv2] [D] [thread 189] Entry 0 added to table 'MyIngress.modbus_sec'
[08:58:40.361] [bmv2] [D] [thread 189] Dumping entry 0
Match key:
* hdr.ipv4.dstAddr    : EXACT     c8010107
Action entry: MyIngress.cipher - 

[08:58:40.361] [bmv2] [T] [thread 189] bm_table_add_entry
[08:58:40.362] [bmv2] [E] [thread 189] Error when trying to add entry to table 'MyIngress.modbus_sec': DUPLICATE_ENTRY
[08:58:40.362] [bmv2] [T] [thread 189] bm_table_add_entry
[08:58:40.362] [bmv2] [D] [thread 189] Entry 1 added to table 'MyIngress.modbus_sec'
[08:58:40.362] [bmv2] [D] [thread 189] Dumping entry 1
Match key:
* hdr.ipv4.dstAddr    : EXACT     c30b0e05
Action entry: MyIngress.decipher - 

